---------------------------------------
Resource Usage Report for test 

Mapping to part: ice40hx1ktq144
Cell usage:
GND             50 uses
SB_CARRY        7 uses
SB_DFF          4 uses
SB_DFFN         29 uses
SB_DFFNE        28 uses
SB_GB           1 use
VCC             50 uses
SB_LUT4         210 uses

I/O ports: 5
I/O primitives: 5
SB_IO          5 uses

I/O Register bits:                  0
Register bits not including I/Os:   61 (4%)

@S |Mapping Summary:
Total  LUTs: 210 (16%)

Distribution of All Consumed LUTs = LUT4 
Distribution of All Consumed Luts 210 = 210 

