* ******************************************************************************

* iCEcube Placer

* Version:            2020.12.27943

* Build Date:         Dec  9 2020 17:55:50

* File Generated:     Dec 13 2023 19:34:10

* Purpose:            

* Copyright (C) 2006-2010 by Lattice Semiconductor Corp. All rights reserved.

* ******************************************************************************

Executing : C:\lscc\iCEcube2.2020.12\sbt_backend\bin\win32\opt\sbtplacer.exe --des-lib C:/Users/CND/Desktop/new_sap/new_sap/new_sap_Implmnt\sbt\netlist\oadb-test --outdir C:/Users/CND/Desktop/new_sap/new_sap/new_sap_Implmnt\sbt\outputs\placer --device-file C:\lscc\iCEcube2.2020.12\sbt_backend\devices\ICE40P01.dev --package TQ144 --deviceMarketName iCE40HX1K --sdc-file C:/Users/CND/Desktop/new_sap/new_sap/new_sap_Implmnt\sbt\Temp/sbt_temp.sdc --lib-file C:\lscc\iCEcube2.2020.12\sbt_backend\devices\ice40HX1K.lib --effort_level std --out-sdc-file C:/Users/CND/Desktop/new_sap/new_sap/new_sap_Implmnt\sbt\outputs\placer\test_pl.sdc
I2004: Option and Settings Summary
=============================================================
Device file          - C:\lscc\iCEcube2.2020.12\sbt_backend\devices\ICE40P01.dev
Package              - TQ144
Design database      - C:/Users/CND/Desktop/new_sap/new_sap/new_sap_Implmnt\sbt\netlist\oadb-test
SDC file             - C:/Users/CND/Desktop/new_sap/new_sap/new_sap_Implmnt\sbt\Temp/sbt_temp.sdc
Output directory     - C:/Users/CND/Desktop/new_sap/new_sap/new_sap_Implmnt\sbt\outputs\placer
Timing library       - C:\lscc\iCEcube2.2020.12\sbt_backend\devices\ice40HX1K.lib
Effort level         - std

I2050: Starting reading inputs for placer
=============================================================
I2100: Reading design library: C:/Users/CND/Desktop/new_sap/new_sap/new_sap_Implmnt\sbt\netlist\oadb-test/BFPGA_DESIGN_ep
I2065: Reading device file : C:\lscc\iCEcube2.2020.12\sbt_backend\devices\ICE40P01.dev
I2051: Reading of inputs for placer completed successfully

I2053: Starting placement of the design
=============================================================

Input Design Statistics
    Number of LUTs      	:	210
    Number of DFFs      	:	61
    Number of DFFs packed to IO	:	0
    Number of Carrys    	:	7
    Number of RAMs      	:	0
    Number of ROMs      	:	0
    Number of IOs       	:	5
    Number of GBIOs     	:	0
    Number of GBs       	:	1
    Number of WarmBoot  	:	0
    Number of PLLs      	:	0


Phase 1
I2077: Start design legalization

Design Legalization Statistics
    Number of feedthru LUTs inserted to legalize input of DFFs     	:	10
    Number of feedthru LUTs inserted for LUTs driving multiple DFFs	:	0
    Number of LUTs replicated for LUTs driving multiple DFFs       	:	30
    Number of feedthru LUTs inserted to legalize output of CARRYs  	:	0
    Number of feedthru LUTs inserted to legalize global signals    	:	0
    Number of feedthru CARRYs inserted to legalize input of CARRYs 	:	1
    Number of inserted LUTs to Legalize IOs with PIN_TYPE= 01xxxx  	:	0
    Number of inserted LUTs to Legalize IOs with PIN_TYPE= 10xxxx  	:	0
    Number of inserted LUTs to Legalize IOs with PIN_TYPE= 11xxxx  	:	0
    Total LUTs inserted                                            	:	40
    Total CARRYs inserted                                          	:	1


I2078: Design legalization is completed successfully
I2088: Phase 1, elapsed time : 0.0 (sec)


Phase 2
I2088: Phase 2, elapsed time : 0.0 (sec)

Phase 3
Warning-1035: Removing timing arc from pin "N_62_i_LC_0/in0" to pin "N_62_i_LC_0/lcout" to break the combinatorial loop
Warning-1035: Removing timing arc from pin "uut.buf_clk_1_inferred_clock_0_RNO_LC_106/in1" to pin "uut.buf_clk_1_inferred_clock_0_RNO_LC_106/lcout" to break the combinatorial loop

Design Statistics after Packing
    Number of LUTs      	:	250
    Number of DFFs      	:	61
    Number of DFFs packed to IO	:	0
    Number of Carrys    	:	8

Device Utilization Summary after Packing
    Sequential LogicCells
        LUT and DFF      	:	61
        LUT, DFF and CARRY	:	0
    Combinational LogicCells
        Only LUT         	:	182
        CARRY Only       	:	1
        LUT with CARRY   	:	7
    LogicCells                  :	251/1280
    PLBs                        :	37/160
    BRAMs                       :	0/16
    IOs and GBIOs               :	5/96
    PLLs                        :	0/1


I2088: Phase 3, elapsed time : 0.3 (sec)

Phase 4
I2088: Phase 4, elapsed time : 0.0 (sec)

Phase 5
I2088: Phase 5, elapsed time : 0.5 (sec)

Phase 6
I2088: Phase 6, elapsed time : 12.7 (sec)

Final Design Statistics
    Number of LUTs      	:	250
    Number of DFFs      	:	61
    Number of DFFs packed to IO	:	0
    Number of Carrys    	:	8
    Number of RAMs      	:	0
    Number of ROMs      	:	0
    Number of IOs       	:	5
    Number of GBIOs     	:	0
    Number of GBs       	:	1
    Number of WarmBoot  	:	0
    Number of PLLs      	:	0

Device Utilization Summary
    LogicCells                  :	251/1280
    PLBs                        :	49/160
    BRAMs                       :	0/16
    IOs and GBIOs               :	5/96
    PLLs                        :	0/1



#####################################################################
Placement Timing Summary

The timing summary is based on estimated routing delays after
placement. For final timing report, please carry out the timing
analysis after routing.
=====================================================================

#####################################################################
                     Clock Summary 
=====================================================================
Number of clocks: 1
Clock: main|buf_clk_1_inferred_clock | Frequency: 56.05 MHz | Target: 62.15 MHz

=====================================================================
                     End of Clock Summary
#####################################################################

I2054: Placement of design completed successfully

I2076: Placer run-time: 13.7 sec.

